bun wenijt la mynne
akumma dau drummu lanymålle
pekaare se skøot intyj?
ja, ja, ja
nupetynne, kåmå irrijts
ja, ja, ja
ja, gustaff
teskøot pe tynne
haj, gustaff, haj afarrå
Gustaff nujesse
dau drummu lu Karmen
hajde Karmen
altå kretynna
nabynne
haj, Kristian
Kristian jesse
joj, kumsen tynde.
Ingrid
hajafarrå
Ingrid nusupørtå pe Kristian
jasså dau drummu lu
ø, ø, Ingrid, ai grijæ, dobitook mijk
Olaaf, plymbarre?
dadeönde
uyte pe Olaaf,
båtrijn de waaj dekappu luj
aveem døj fraats påtaats
Hans, Larsson, afarrå
doj Kretijni fåkuts gråmmadå
ja, ja, mjeunaats
astaaj Lynna
jesørra lu Kristian
kautå pe fraate
Jensen...
jemaaj påtaat
senkajerå ku Karmen
hajde
hajnutten tynde
sen tynde
astaj Inga
sefrjakkå de tøt
frjekkåtørre
haj, Markus
nu fij mikroågressif
Klutte, Ericcson
Klutte jene høtårytta
laffel Ericcson
uyte pe Kristian
båjatu buun
kaare pisijkå mjalynnå bøtrynetse?
kaare pisijkå mjalynnå synguråtaate?
Kristian
restupoo sådau lagunøj
restuså mørra
yasså dau drummu lu Fraja
hø, dysperattø!
sperjatå debømbå!
Kristoff arre traumå
aføst abuseet sexuel kynerra mijk
Kristoff!
abuseetu!
haj, abuseetu!
abuseetu jesse?
abuseetu osåjasså
nu te temme de Jansen schi Kristian, abuseetu!
kånujej au databuss
bøn
schakumma jess kutodøbijtookuu pe kympije
haj pe kympije, døbijtook
ku Thor, ku Ødin am worbyt
ospusså merg la Rejkjavijk
schinløkku åsta, kjar aich
så fako kassa de pisich

